This is pdfTeX, Version 3.14159265-2.6-1.40.15 (TeX Live 2014/MacPorts 2014_3) (preloaded format=pdflatex 2014.7.27)  13 AUG 2018 16:26
entering extended mode
 restricted \write18 enabled.
 %&-line parsing enabled.
**competing_bandits
(./competing_bandits.tex
LaTeX2e <2014/05/01>
Babel <3.9k> and hyphenation patterns for 44 languages loaded.
(/opt/local/share/texmf-texlive/tex/latex/base/article.cls
Document Class: article 2007/10/19 v1.4h Standard LaTeX document class
(/opt/local/share/texmf-texlive/tex/latex/base/size10.clo
File: size10.clo 2007/10/19 v1.4h Standard LaTeX file (size option)
)
\c@part=\count79
\c@section=\count80
\c@subsection=\count81
\c@subsubsection=\count82
\c@paragraph=\count83
\c@subparagraph=\count84
\c@figure=\count85
\c@table=\count86
\abovecaptionskip=\skip41
\belowcaptionskip=\skip42
\bibindent=\dimen102
) (./aaai.sty
Conference Style for AAAI for LaTeX 2e -- version for the AAAI-19 conference
\titlebox=\skip43
) (/opt/local/share/texmf-texlive/tex/latex/base/inputenc.sty
Package: inputenc 2014/04/30 v1.2b Input encoding file
\inpenc@prehook=\toks14
\inpenc@posthook=\toks15

(/opt/local/share/texmf-texlive/tex/latex/base/utf8.def
File: utf8.def 2008/04/05 v1.1m UTF-8 support for inputenc
Now handling font encoding OML ...
... no UTF-8 mapping file for font encoding OML
Now handling font encoding T1 ...
... processing UTF-8 mapping file for font encoding T1

(/opt/local/share/texmf-texlive/tex/latex/base/t1enc.dfu
File: t1enc.dfu 2008/04/05 v1.1m UTF-8 support for inputenc
   defining Unicode char U+00A1 (decimal 161)
   defining Unicode char U+00A3 (decimal 163)
   defining Unicode char U+00AB (decimal 171)
   defining Unicode char U+00BB (decimal 187)
   defining Unicode char U+00BF (decimal 191)
   defining Unicode char U+00C0 (decimal 192)
   defining Unicode char U+00C1 (decimal 193)
   defining Unicode char U+00C2 (decimal 194)
   defining Unicode char U+00C3 (decimal 195)
   defining Unicode char U+00C4 (decimal 196)
   defining Unicode char U+00C5 (decimal 197)
   defining Unicode char U+00C6 (decimal 198)
   defining Unicode char U+00C7 (decimal 199)
   defining Unicode char U+00C8 (decimal 200)
   defining Unicode char U+00C9 (decimal 201)
   defining Unicode char U+00CA (decimal 202)
   defining Unicode char U+00CB (decimal 203)
   defining Unicode char U+00CC (decimal 204)
   defining Unicode char U+00CD (decimal 205)
   defining Unicode char U+00CE (decimal 206)
   defining Unicode char U+00CF (decimal 207)
   defining Unicode char U+00D0 (decimal 208)
   defining Unicode char U+00D1 (decimal 209)
   defining Unicode char U+00D2 (decimal 210)
   defining Unicode char U+00D3 (decimal 211)
   defining Unicode char U+00D4 (decimal 212)
   defining Unicode char U+00D5 (decimal 213)
   defining Unicode char U+00D6 (decimal 214)
   defining Unicode char U+00D8 (decimal 216)
   defining Unicode char U+00D9 (decimal 217)
   defining Unicode char U+00DA (decimal 218)
   defining Unicode char U+00DB (decimal 219)
   defining Unicode char U+00DC (decimal 220)
   defining Unicode char U+00DD (decimal 221)
   defining Unicode char U+00DE (decimal 222)
   defining Unicode char U+00DF (decimal 223)
   defining Unicode char U+00E0 (decimal 224)
   defining Unicode char U+00E1 (decimal 225)
   defining Unicode char U+00E2 (decimal 226)
   defining Unicode char U+00E3 (decimal 227)
   defining Unicode char U+00E4 (decimal 228)
   defining Unicode char U+00E5 (decimal 229)
   defining Unicode char U+00E6 (decimal 230)
   defining Unicode char U+00E7 (decimal 231)
   defining Unicode char U+00E8 (decimal 232)
   defining Unicode char U+00E9 (decimal 233)
   defining Unicode char U+00EA (decimal 234)
   defining Unicode char U+00EB (decimal 235)
   defining Unicode char U+00EC (decimal 236)
   defining Unicode char U+00ED (decimal 237)
   defining Unicode char U+00EE (decimal 238)
   defining Unicode char U+00EF (decimal 239)
   defining Unicode char U+00F0 (decimal 240)
   defining Unicode char U+00F1 (decimal 241)
   defining Unicode char U+00F2 (decimal 242)
   defining Unicode char U+00F3 (decimal 243)
   defining Unicode char U+00F4 (decimal 244)
   defining Unicode char U+00F5 (decimal 245)
   defining Unicode char U+00F6 (decimal 246)
   defining Unicode char U+00F8 (decimal 248)
   defining Unicode char U+00F9 (decimal 249)
   defining Unicode char U+00FA (decimal 250)
   defining Unicode char U+00FB (decimal 251)
   defining Unicode char U+00FC (decimal 252)
   defining Unicode char U+00FD (decimal 253)
   defining Unicode char U+00FE (decimal 254)
   defining Unicode char U+00FF (decimal 255)
   defining Unicode char U+0102 (decimal 258)
   defining Unicode char U+0103 (decimal 259)
   defining Unicode char U+0104 (decimal 260)
   defining Unicode char U+0105 (decimal 261)
   defining Unicode char U+0106 (decimal 262)
   defining Unicode char U+0107 (decimal 263)
   defining Unicode char U+010C (decimal 268)
   defining Unicode char U+010D (decimal 269)
   defining Unicode char U+010E (decimal 270)
   defining Unicode char U+010F (decimal 271)
   defining Unicode char U+0110 (decimal 272)
   defining Unicode char U+0111 (decimal 273)
   defining Unicode char U+0118 (decimal 280)
   defining Unicode char U+0119 (decimal 281)
   defining Unicode char U+011A (decimal 282)
   defining Unicode char U+011B (decimal 283)
   defining Unicode char U+011E (decimal 286)
   defining Unicode char U+011F (decimal 287)
   defining Unicode char U+0130 (decimal 304)
   defining Unicode char U+0131 (decimal 305)
   defining Unicode char U+0132 (decimal 306)
   defining Unicode char U+0133 (decimal 307)
   defining Unicode char U+0139 (decimal 313)
   defining Unicode char U+013A (decimal 314)
   defining Unicode char U+013D (decimal 317)
   defining Unicode char U+013E (decimal 318)
   defining Unicode char U+0141 (decimal 321)
   defining Unicode char U+0142 (decimal 322)
   defining Unicode char U+0143 (decimal 323)
   defining Unicode char U+0144 (decimal 324)
   defining Unicode char U+0147 (decimal 327)
   defining Unicode char U+0148 (decimal 328)
   defining Unicode char U+014A (decimal 330)
   defining Unicode char U+014B (decimal 331)
   defining Unicode char U+0150 (decimal 336)
   defining Unicode char U+0151 (decimal 337)
   defining Unicode char U+0152 (decimal 338)
   defining Unicode char U+0153 (decimal 339)
   defining Unicode char U+0154 (decimal 340)
   defining Unicode char U+0155 (decimal 341)
   defining Unicode char U+0158 (decimal 344)
   defining Unicode char U+0159 (decimal 345)
   defining Unicode char U+015A (decimal 346)
   defining Unicode char U+015B (decimal 347)
   defining Unicode char U+015E (decimal 350)
   defining Unicode char U+015F (decimal 351)
   defining Unicode char U+0160 (decimal 352)
   defining Unicode char U+0161 (decimal 353)
   defining Unicode char U+0162 (decimal 354)
   defining Unicode char U+0163 (decimal 355)
   defining Unicode char U+0164 (decimal 356)
   defining Unicode char U+0165 (decimal 357)
   defining Unicode char U+016E (decimal 366)
   defining Unicode char U+016F (decimal 367)
   defining Unicode char U+0170 (decimal 368)
   defining Unicode char U+0171 (decimal 369)
   defining Unicode char U+0178 (decimal 376)
   defining Unicode char U+0179 (decimal 377)
   defining Unicode char U+017A (decimal 378)
   defining Unicode char U+017B (decimal 379)
   defining Unicode char U+017C (decimal 380)
   defining Unicode char U+017D (decimal 381)
   defining Unicode char U+017E (decimal 382)
   defining Unicode char U+200C (decimal 8204)
   defining Unicode char U+2013 (decimal 8211)
   defining Unicode char U+2014 (decimal 8212)
   defining Unicode char U+2018 (decimal 8216)
   defining Unicode char U+2019 (decimal 8217)
   defining Unicode char U+201A (decimal 8218)
   defining Unicode char U+201C (decimal 8220)
   defining Unicode char U+201D (decimal 8221)
   defining Unicode char U+201E (decimal 8222)
   defining Unicode char U+2030 (decimal 8240)
   defining Unicode char U+2031 (decimal 8241)
   defining Unicode char U+2039 (decimal 8249)
   defining Unicode char U+203A (decimal 8250)
   defining Unicode char U+2423 (decimal 9251)
)
Now handling font encoding OT1 ...
... processing UTF-8 mapping file for font encoding OT1

(/opt/local/share/texmf-texlive/tex/latex/base/ot1enc.dfu
File: ot1enc.dfu 2008/04/05 v1.1m UTF-8 support for inputenc
   defining Unicode char U+00A1 (decimal 161)
   defining Unicode char U+00A3 (decimal 163)
   defining Unicode char U+00B8 (decimal 184)
   defining Unicode char U+00BF (decimal 191)
   defining Unicode char U+00C5 (decimal 197)
   defining Unicode char U+00C6 (decimal 198)
   defining Unicode char U+00D8 (decimal 216)
   defining Unicode char U+00DF (decimal 223)
   defining Unicode char U+00E6 (decimal 230)
   defining Unicode char U+00EC (decimal 236)
   defining Unicode char U+00ED (decimal 237)
   defining Unicode char U+00EE (decimal 238)
   defining Unicode char U+00EF (decimal 239)
   defining Unicode char U+00F8 (decimal 248)
   defining Unicode char U+0131 (decimal 305)
   defining Unicode char U+0141 (decimal 321)
   defining Unicode char U+0142 (decimal 322)
   defining Unicode char U+0152 (decimal 338)
   defining Unicode char U+0153 (decimal 339)
   defining Unicode char U+2013 (decimal 8211)
   defining Unicode char U+2014 (decimal 8212)
   defining Unicode char U+2018 (decimal 8216)
   defining Unicode char U+2019 (decimal 8217)
   defining Unicode char U+201C (decimal 8220)
   defining Unicode char U+201D (decimal 8221)
)
Now handling font encoding OMS ...
... processing UTF-8 mapping file for font encoding OMS

(/opt/local/share/texmf-texlive/tex/latex/base/omsenc.dfu
File: omsenc.dfu 2008/04/05 v1.1m UTF-8 support for inputenc
   defining Unicode char U+00A7 (decimal 167)
   defining Unicode char U+00B6 (decimal 182)
   defining Unicode char U+00B7 (decimal 183)
   defining Unicode char U+2020 (decimal 8224)
   defining Unicode char U+2021 (decimal 8225)
   defining Unicode char U+2022 (decimal 8226)
)
Now handling font encoding OMX ...
... no UTF-8 mapping file for font encoding OMX
Now handling font encoding U ...
... no UTF-8 mapping file for font encoding U
   defining Unicode char U+00A9 (decimal 169)
   defining Unicode char U+00AA (decimal 170)
   defining Unicode char U+00AE (decimal 174)
   defining Unicode char U+00BA (decimal 186)
   defining Unicode char U+02C6 (decimal 710)
   defining Unicode char U+02DC (decimal 732)
   defining Unicode char U+200C (decimal 8204)
   defining Unicode char U+2026 (decimal 8230)
   defining Unicode char U+2122 (decimal 8482)
   defining Unicode char U+2423 (decimal 9251)
))
(/opt/local/share/texmf-texlive/tex/latex/base/fontenc.sty
Package: fontenc 2005/09/27 v1.99g Standard LaTeX package

(/opt/local/share/texmf-texlive/tex/latex/base/t1enc.def
File: t1enc.def 2005/09/27 v1.99g Standard LaTeX file
LaTeX Font Info:    Redeclaring font encoding T1 on input line 43.
))
(/opt/local/share/texmf-texlive/tex/latex/hyperref/hyperref.sty
Package: hyperref 2012/11/06 v6.83m Hypertext links for LaTeX

(/opt/local/share/texmf-texlive/tex/generic/oberdiek/hobsub-hyperref.sty
Package: hobsub-hyperref 2012/05/28 v1.13 Bundle oberdiek, subset hyperref (HO)


(/opt/local/share/texmf-texlive/tex/generic/oberdiek/hobsub-generic.sty
Package: hobsub-generic 2012/05/28 v1.13 Bundle oberdiek, subset generic (HO)
Package: hobsub 2012/05/28 v1.13 Construct package bundles (HO)
Package: infwarerr 2010/04/08 v1.3 Providing info/warning/error messages (HO)
Package: ltxcmds 2011/11/09 v1.22 LaTeX kernel commands for general use (HO)
Package: ifluatex 2010/03/01 v1.3 Provides the ifluatex switch (HO)
Package ifluatex Info: LuaTeX not detected.
Package: ifvtex 2010/03/01 v1.5 Detect VTeX and its facilities (HO)
Package ifvtex Info: VTeX not detected.
Package: intcalc 2007/09/27 v1.1 Expandable calculations with integers (HO)
Package: ifpdf 2011/01/30 v2.3 Provides the ifpdf switch (HO)
Package ifpdf Info: pdfTeX in PDF mode is detected.
Package: etexcmds 2011/02/16 v1.5 Avoid name clashes with e-TeX commands (HO)
Package etexcmds Info: Could not find \expanded.
(etexcmds)             That can mean that you are not using pdfTeX 1.50 or
(etexcmds)             that some package has redefined \expanded.
(etexcmds)             In the latter case, load this package earlier.
Package: kvsetkeys 2012/04/25 v1.16 Key value parser (HO)
Package: kvdefinekeys 2011/04/07 v1.3 Define keys (HO)
Package: pdftexcmds 2011/11/29 v0.20 Utility functions of pdfTeX for LuaTeX (HO
)
Package pdftexcmds Info: LuaTeX not detected.
Package pdftexcmds Info: \pdf@primitive is available.
Package pdftexcmds Info: \pdf@ifprimitive is available.
Package pdftexcmds Info: \pdfdraftmode found.
Package: pdfescape 2011/11/25 v1.13 Implements pdfTeX's escape features (HO)
Package: bigintcalc 2012/04/08 v1.3 Expandable calculations on big integers (HO
)
Package: bitset 2011/01/30 v1.1 Handle bit-vector datatype (HO)
Package: uniquecounter 2011/01/30 v1.2 Provide unlimited unique counter (HO)
)
Package hobsub Info: Skipping package `hobsub' (already loaded).
Package: letltxmacro 2010/09/02 v1.4 Let assignment for LaTeX macros (HO)
Package: hopatch 2012/05/28 v1.2 Wrapper for package hooks (HO)
Package: xcolor-patch 2011/01/30 xcolor patch
Package: atveryend 2011/06/30 v1.8 Hooks at the very end of document (HO)
Package atveryend Info: \enddocument detected (standard20110627).
Package: atbegshi 2011/10/05 v1.16 At begin shipout hook (HO)
Package: refcount 2011/10/16 v3.4 Data extraction from label references (HO)
Package: hycolor 2011/01/30 v1.7 Color options for hyperref/bookmark (HO)
)
(/opt/local/share/texmf-texlive/tex/latex/graphics/keyval.sty
Package: keyval 2014/05/08 v1.15 key=value parser (DPC)
\KV@toks@=\toks16
)
(/opt/local/share/texmf-texlive/tex/generic/ifxetex/ifxetex.sty
Package: ifxetex 2010/09/12 v0.6 Provides ifxetex conditional
)
(/opt/local/share/texmf-texlive/tex/latex/oberdiek/auxhook.sty
Package: auxhook 2011/03/04 v1.3 Hooks for auxiliary files (HO)
)
(/opt/local/share/texmf-texlive/tex/latex/oberdiek/kvoptions.sty
Package: kvoptions 2011/06/30 v3.11 Key value format for package options (HO)
)
\@linkdim=\dimen103
\Hy@linkcounter=\count87
\Hy@pagecounter=\count88

(/opt/local/share/texmf-texlive/tex/latex/hyperref/pd1enc.def
File: pd1enc.def 2012/11/06 v6.83m Hyperref: PDFDocEncoding definition (HO)
Now handling font encoding PD1 ...
... no UTF-8 mapping file for font encoding PD1
)
\Hy@SavedSpaceFactor=\count89

(/opt/local/share/texmf-texlive/tex/latex/latexconfig/hyperref.cfg
File: hyperref.cfg 2002/06/06 v1.2 hyperref configuration of TeXLive
)
Package hyperref Info: Hyper figures OFF on input line 4443.
Package hyperref Info: Link nesting OFF on input line 4448.
Package hyperref Info: Hyper index ON on input line 4451.
Package hyperref Info: Plain pages OFF on input line 4458.
Package hyperref Info: Backreferencing OFF on input line 4463.
Package hyperref Info: Implicit mode ON; LaTeX internals redefined.
Package hyperref Info: Bookmarks ON on input line 4688.
\c@Hy@tempcnt=\count90

(/opt/local/share/texmf-texlive/tex/latex/url/url.sty
\Urlmuskip=\muskip10
Package: url 2013/09/16  ver 3.4  Verb mode for urls, etc.
)
LaTeX Info: Redefining \url on input line 5041.
\XeTeXLinkMargin=\dimen104
\Fld@menulength=\count91
\Field@Width=\dimen105
\Fld@charsize=\dimen106
Package hyperref Info: Hyper figures OFF on input line 6295.
Package hyperref Info: Link nesting OFF on input line 6300.
Package hyperref Info: Hyper index ON on input line 6303.
Package hyperref Info: backreferencing OFF on input line 6310.
Package hyperref Info: Link coloring OFF on input line 6315.
Package hyperref Info: Link coloring with OCG OFF on input line 6320.
Package hyperref Info: PDF/A mode OFF on input line 6325.
LaTeX Info: Redefining \ref on input line 6365.
LaTeX Info: Redefining \pageref on input line 6369.
\Hy@abspage=\count92
\c@Item=\count93
\c@Hfootnote=\count94
)

Package hyperref Message: Driver (autodetected): hpdftex.

(/opt/local/share/texmf-texlive/tex/latex/hyperref/hpdftex.def
File: hpdftex.def 2012/11/06 v6.83m Hyperref driver for pdfTeX
\Fld@listcount=\count95
\c@bookmark@seq@number=\count96

(/opt/local/share/texmf-texlive/tex/latex/oberdiek/rerunfilecheck.sty
Package: rerunfilecheck 2011/04/15 v1.7 Rerun checks for auxiliary files (HO)
Package uniquecounter Info: New unique counter `rerunfilecheck' on input line 2
82.
)
\Hy@SectionHShift=\skip44
)
(/opt/local/share/texmf-texlive/tex/latex/booktabs/booktabs.sty
Package: booktabs 2005/04/14 v1.61803 publication quality tables
\heavyrulewidth=\dimen107
\lightrulewidth=\dimen108
\cmidrulewidth=\dimen109
\belowrulesep=\dimen110
\belowbottomsep=\dimen111
\aboverulesep=\dimen112
\abovetopsep=\dimen113
\cmidrulesep=\dimen114
\cmidrulekern=\dimen115
\defaultaddspace=\dimen116
\@cmidla=\count97
\@cmidlb=\count98
\@aboverulesep=\dimen117
\@belowrulesep=\dimen118
\@thisruleclass=\count99
\@lastruleclass=\count100
\@thisrulewidth=\dimen119
)
(/opt/local/share/texmf-texlive/tex/latex/amsfonts/amsfonts.sty
Package: amsfonts 2013/01/14 v3.01 Basic AMSFonts support
\@emptytoks=\toks17
\symAMSa=\mathgroup4
\symAMSb=\mathgroup5
LaTeX Font Info:    Overwriting math alphabet `\mathfrak' in version `bold'
(Font)                  U/euf/m/n --> U/euf/b/n on input line 106.
)
(/opt/local/share/texmf-texlive/tex/latex/units/nicefrac.sty
Package: nicefrac 1998/08/04 v0.9b Nice fractions
\L@UnitsRaiseDisplaystyle=\skip45
\L@UnitsRaiseTextstyle=\skip46
\L@UnitsRaiseScriptstyle=\skip47

(/opt/local/share/texmf-texlive/tex/latex/base/ifthen.sty
Package: ifthen 2001/05/26 v1.1c Standard LaTeX ifthen package (DPC)
))
(/opt/local/share/texmf-texlive/tex/latex/microtype/microtype.sty
Package: microtype 2013/05/23 v2.5a Micro-typographical refinements (RS)
\MT@toks=\toks18
\MT@count=\count101
LaTeX Info: Redefining \textls on input line 766.
\MT@outer@kern=\dimen120
LaTeX Info: Redefining \textmicrotypecontext on input line 1285.
\MT@listname@count=\count102

(/opt/local/share/texmf-texlive/tex/latex/microtype/microtype-pdftex.def
File: microtype-pdftex.def 2013/05/23 v2.5a Definitions specific to pdftex (RS)

LaTeX Info: Redefining \lsstyle on input line 915.
LaTeX Info: Redefining \lslig on input line 915.
\MT@outer@space=\skip48
)
Package microtype Info: Loading configuration file microtype.cfg.

(/opt/local/share/texmf-texlive/tex/latex/microtype/microtype.cfg
File: microtype.cfg 2013/05/23 v2.5a microtype main configuration file (RS)
))
(/opt/local/share/texmf-texlive/tex/latex/amsfonts/amssymb.sty
Package: amssymb 2013/01/14 v3.01 AMS font symbols
)
(/opt/local/share/texmf-texlive/tex/latex/natbib/natbib.sty
Package: natbib 2010/09/13 8.31b (PWD, AO)
\bibhang=\skip49
\bibsep=\skip50
LaTeX Info: Redefining \cite on input line 694.
LaTeX Info: Redefining \citeauthor on input line 712.
LaTeX Info: Redefining \citeyear on input line 735.
\c@NAT@ctr=\count103
)
(/opt/local/share/texmf-texlive/tex/latex/amscls/amsthm.sty
Package: amsthm 2004/08/06 v2.20
\thm@style=\toks19
\thm@bodyfont=\toks20
\thm@headfont=\toks21
\thm@notefont=\toks22
\thm@headpunct=\toks23
\thm@preskip=\skip51
\thm@postskip=\skip52
\thm@headsep=\skip53
\dth@everypar=\toks24
)
(/opt/local/share/texmf-texlive/tex/latex/float/float.sty
Package: float 2001/11/08 v1.3d Float enhancements (AL)
\c@float@type=\count104
\float@exts=\toks25
\float@box=\box26
\@float@everytoks=\toks26
\@floatcapt=\box27
)

! LaTeX Error: File `sgame.sty' not found.

Type X to quit or <RETURN> to proceed,
or enter new name. (Default extension: sty)

Enter file name: 
(/opt/local/share/texmf/tex/latex/pgf/frontendlayer/tikz.sty
(/opt/local/share/texmf/tex/latex/pgf/basiclayer/pgf.sty
(/opt/local/share/texmf/tex/latex/pgf/utilities/pgfrcs.sty
(/opt/local/share/texmf/tex/generic/pgf/utilities/pgfutil-common.tex
\pgfutil@everybye=\toks27
\pgfutil@tempdima=\dimen121
\pgfutil@tempdimb=\dimen122

(/opt/local/share/texmf/tex/generic/pgf/utilities/pgfutil-common-lists.tex))
(/opt/local/share/texmf/tex/generic/pgf/utilities/pgfutil-latex.def
\pgfutil@abb=\box28

(/opt/local/share/texmf-texlive/tex/latex/ms/everyshi.sty
Package: everyshi 2001/05/15 v3.00 EveryShipout Package (MS)
))
(/opt/local/share/texmf/tex/generic/pgf/utilities/pgfrcs.code.tex
Package: pgfrcs 2013/12/20 v3.0.0 (rcs-revision 1.28)
))
Package: pgf 2013/12/18 v3.0.0 (rcs-revision 1.14)

(/opt/local/share/texmf/tex/latex/pgf/basiclayer/pgfcore.sty
(/opt/local/share/texmf-texlive/tex/latex/graphics/graphicx.sty
Package: graphicx 2014/04/25 v1.0g Enhanced LaTeX Graphics (DPC,SPQR)

(/opt/local/share/texmf-texlive/tex/latex/graphics/graphics.sty
Package: graphics 2009/02/05 v1.0o Standard LaTeX Graphics (DPC,SPQR)

(/opt/local/share/texmf-texlive/tex/latex/graphics/trig.sty
Package: trig 1999/03/16 v1.09 sin cos tan (DPC)
)
(/opt/local/share/texmf-texlive/tex/latex/latexconfig/graphics.cfg
File: graphics.cfg 2010/04/23 v1.9 graphics configuration of TeX Live
)
Package graphics Info: Driver file: pdftex.def on input line 91.

(/opt/local/share/texmf-texlive/tex/latex/pdftex-def/pdftex.def
File: pdftex.def 2011/05/27 v0.06d Graphics/color for pdfTeX
\Gread@gobject=\count105
))
\Gin@req@height=\dimen123
\Gin@req@width=\dimen124
)
(/opt/local/share/texmf/tex/latex/pgf/systemlayer/pgfsys.sty
(/opt/local/share/texmf/tex/generic/pgf/systemlayer/pgfsys.code.tex
Package: pgfsys 2013/11/30 v3.0.0 (rcs-revision 1.47)

(/opt/local/share/texmf/tex/generic/pgf/utilities/pgfkeys.code.tex
\pgfkeys@pathtoks=\toks28
\pgfkeys@temptoks=\toks29

(/opt/local/share/texmf/tex/generic/pgf/utilities/pgfkeysfiltered.code.tex
\pgfkeys@tmptoks=\toks30
))
\pgf@x=\dimen125
\pgf@y=\dimen126
\pgf@xa=\dimen127
\pgf@ya=\dimen128
\pgf@xb=\dimen129
\pgf@yb=\dimen130
\pgf@xc=\dimen131
\pgf@yc=\dimen132
\w@pgf@writea=\write3
\r@pgf@reada=\read1
\c@pgf@counta=\count106
\c@pgf@countb=\count107
\c@pgf@countc=\count108
\c@pgf@countd=\count109
\t@pgf@toka=\toks31
\t@pgf@tokb=\toks32
\t@pgf@tokc=\toks33

(/opt/local/share/texmf/tex/generic/pgf/systemlayer/pgf.cfg
File: pgf.cfg 2008/05/14  (rcs-revision 1.7)
)
Driver file for pgf: pgfsys-pdftex.def

(/opt/local/share/texmf/tex/generic/pgf/systemlayer/pgfsys-pdftex.def
File: pgfsys-pdftex.def 2013/07/18  (rcs-revision 1.33)

(/opt/local/share/texmf/tex/generic/pgf/systemlayer/pgfsys-common-pdf.def
File: pgfsys-common-pdf.def 2013/10/10  (rcs-revision 1.13)
)))
(/opt/local/share/texmf/tex/generic/pgf/systemlayer/pgfsyssoftpath.code.tex
File: pgfsyssoftpath.code.tex 2013/09/09  (rcs-revision 1.9)
\pgfsyssoftpath@smallbuffer@items=\count110
\pgfsyssoftpath@bigbuffer@items=\count111
)
(/opt/local/share/texmf/tex/generic/pgf/systemlayer/pgfsysprotocol.code.tex
File: pgfsysprotocol.code.tex 2006/10/16  (rcs-revision 1.4)
))
(/opt/local/share/texmf-texlive/tex/latex/xcolor/xcolor.sty
Package: xcolor 2007/01/21 v2.11 LaTeX color extensions (UK)

(/opt/local/share/texmf-texlive/tex/latex/latexconfig/color.cfg
File: color.cfg 2007/01/18 v1.5 color configuration of teTeX/TeXLive
)
Package xcolor Info: Driver file: pdftex.def on input line 225.
Package xcolor Info: Model `cmy' substituted by `cmy0' on input line 1337.
Package xcolor Info: Model `hsb' substituted by `rgb' on input line 1341.
Package xcolor Info: Model `RGB' extended on input line 1353.
Package xcolor Info: Model `HTML' substituted by `rgb' on input line 1355.
Package xcolor Info: Model `Hsb' substituted by `hsb' on input line 1356.
Package xcolor Info: Model `tHsb' substituted by `hsb' on input line 1357.
Package xcolor Info: Model `HSB' substituted by `hsb' on input line 1358.
Package xcolor Info: Model `Gray' substituted by `gray' on input line 1359.
Package xcolor Info: Model `wave' substituted by `hsb' on input line 1360.
)
(/opt/local/share/texmf/tex/generic/pgf/basiclayer/pgfcore.code.tex
Package: pgfcore 2010/04/11 v3.0.0 (rcs-revision 1.7)

(/opt/local/share/texmf/tex/generic/pgf/math/pgfmath.code.tex
(/opt/local/share/texmf/tex/generic/pgf/math/pgfmathcalc.code.tex
(/opt/local/share/texmf/tex/generic/pgf/math/pgfmathutil.code.tex)
(/opt/local/share/texmf/tex/generic/pgf/math/pgfmathparser.code.tex
\pgfmath@dimen=\dimen133
\pgfmath@count=\count112
\pgfmath@box=\box29
\pgfmath@toks=\toks34
\pgfmath@stack@operand=\toks35
\pgfmath@stack@operation=\toks36
)
(/opt/local/share/texmf/tex/generic/pgf/math/pgfmathfunctions.code.tex
(/opt/local/share/texmf/tex/generic/pgf/math/pgfmathfunctions.basic.code.tex)
(/opt/local/share/texmf/tex/generic/pgf/math/pgfmathfunctions.trigonometric.cod
e.tex)
(/opt/local/share/texmf/tex/generic/pgf/math/pgfmathfunctions.random.code.tex)
(/opt/local/share/texmf/tex/generic/pgf/math/pgfmathfunctions.comparison.code.t
ex) (/opt/local/share/texmf/tex/generic/pgf/math/pgfmathfunctions.base.code.tex
) (/opt/local/share/texmf/tex/generic/pgf/math/pgfmathfunctions.round.code.tex)
(/opt/local/share/texmf/tex/generic/pgf/math/pgfmathfunctions.misc.code.tex)
(/opt/local/share/texmf/tex/generic/pgf/math/pgfmathfunctions.integerarithmetic
s.code.tex)))
(/opt/local/share/texmf/tex/generic/pgf/math/pgfmathfloat.code.tex
\c@pgfmathroundto@lastzeros=\count113
))
(/opt/local/share/texmf/tex/generic/pgf/basiclayer/pgfcorepoints.code.tex
File: pgfcorepoints.code.tex 2013/10/07  (rcs-revision 1.27)
\pgf@picminx=\dimen134
\pgf@picmaxx=\dimen135
\pgf@picminy=\dimen136
\pgf@picmaxy=\dimen137
\pgf@pathminx=\dimen138
\pgf@pathmaxx=\dimen139
\pgf@pathminy=\dimen140
\pgf@pathmaxy=\dimen141
\pgf@xx=\dimen142
\pgf@xy=\dimen143
\pgf@yx=\dimen144
\pgf@yy=\dimen145
\pgf@zx=\dimen146
\pgf@zy=\dimen147
)
(/opt/local/share/texmf/tex/generic/pgf/basiclayer/pgfcorepathconstruct.code.te
x
File: pgfcorepathconstruct.code.tex 2013/10/07  (rcs-revision 1.29)
\pgf@path@lastx=\dimen148
\pgf@path@lasty=\dimen149
) (/opt/local/share/texmf/tex/generic/pgf/basiclayer/pgfcorepathusage.code.tex
File: pgfcorepathusage.code.tex 2013/12/13  (rcs-revision 1.23)
\pgf@shorten@end@additional=\dimen150
\pgf@shorten@start@additional=\dimen151
) (/opt/local/share/texmf/tex/generic/pgf/basiclayer/pgfcorescopes.code.tex
File: pgfcorescopes.code.tex 2013/10/09  (rcs-revision 1.44)
\pgfpic=\box30
\pgf@hbox=\box31
\pgf@layerbox@main=\box32
\pgf@picture@serial@count=\count114
)
(/opt/local/share/texmf/tex/generic/pgf/basiclayer/pgfcoregraphicstate.code.tex
File: pgfcoregraphicstate.code.tex 2013/09/19  (rcs-revision 1.11)
\pgflinewidth=\dimen152
)
(/opt/local/share/texmf/tex/generic/pgf/basiclayer/pgfcoretransformations.code.
tex
File: pgfcoretransformations.code.tex 2013/10/10  (rcs-revision 1.17)
\pgf@pt@x=\dimen153
\pgf@pt@y=\dimen154
\pgf@pt@temp=\dimen155
) (/opt/local/share/texmf/tex/generic/pgf/basiclayer/pgfcorequick.code.tex
File: pgfcorequick.code.tex 2008/10/09  (rcs-revision 1.3)
)
(/opt/local/share/texmf/tex/generic/pgf/basiclayer/pgfcoreobjects.code.tex
File: pgfcoreobjects.code.tex 2006/10/11  (rcs-revision 1.2)
)
(/opt/local/share/texmf/tex/generic/pgf/basiclayer/pgfcorepathprocessing.code.t
ex
File: pgfcorepathprocessing.code.tex 2013/09/09  (rcs-revision 1.9)
) (/opt/local/share/texmf/tex/generic/pgf/basiclayer/pgfcorearrows.code.tex
File: pgfcorearrows.code.tex 2013/11/07  (rcs-revision 1.40)
\pgfarrowsep=\dimen156
)
(/opt/local/share/texmf/tex/generic/pgf/basiclayer/pgfcoreshade.code.tex
File: pgfcoreshade.code.tex 2013/07/15  (rcs-revision 1.15)
\pgf@max=\dimen157
\pgf@sys@shading@range@num=\count115
)
(/opt/local/share/texmf/tex/generic/pgf/basiclayer/pgfcoreimage.code.tex
File: pgfcoreimage.code.tex 2013/07/15  (rcs-revision 1.18)

(/opt/local/share/texmf/tex/generic/pgf/basiclayer/pgfcoreexternal.code.tex
File: pgfcoreexternal.code.tex 2013/07/15  (rcs-revision 1.20)
\pgfexternal@startupbox=\box33
))
(/opt/local/share/texmf/tex/generic/pgf/basiclayer/pgfcorelayers.code.tex
File: pgfcorelayers.code.tex 2013/07/18  (rcs-revision 1.7)
)
(/opt/local/share/texmf/tex/generic/pgf/basiclayer/pgfcoretransparency.code.tex
File: pgfcoretransparency.code.tex 2013/09/30  (rcs-revision 1.5)
) (/opt/local/share/texmf/tex/generic/pgf/basiclayer/pgfcorepatterns.code.tex
File: pgfcorepatterns.code.tex 2013/11/07  (rcs-revision 1.5)
))) (/opt/local/share/texmf/tex/generic/pgf/modules/pgfmoduleshapes.code.tex
File: pgfmoduleshapes.code.tex 2013/10/31  (rcs-revision 1.34)
\pgfnodeparttextbox=\box34
)
(/opt/local/share/texmf/tex/generic/pgf/modules/pgfmoduleplot.code.tex
File: pgfmoduleplot.code.tex 2013/07/31  (rcs-revision 1.12)
)
(/opt/local/share/texmf/tex/latex/pgf/compatibility/pgfcomp-version-0-65.sty
Package: pgfcomp-version-0-65 2007/07/03 v3.0.0 (rcs-revision 1.7)
\pgf@nodesepstart=\dimen158
\pgf@nodesepend=\dimen159
)
(/opt/local/share/texmf/tex/latex/pgf/compatibility/pgfcomp-version-1-18.sty
Package: pgfcomp-version-1-18 2007/07/23 v3.0.0 (rcs-revision 1.1)
))
(/opt/local/share/texmf/tex/latex/pgf/utilities/pgffor.sty
(/opt/local/share/texmf/tex/latex/pgf/utilities/pgfkeys.sty
(/opt/local/share/texmf/tex/generic/pgf/utilities/pgfkeys.code.tex))
(/opt/local/share/texmf/tex/latex/pgf/math/pgfmath.sty
(/opt/local/share/texmf/tex/generic/pgf/math/pgfmath.code.tex))
(/opt/local/share/texmf/tex/generic/pgf/utilities/pgffor.code.tex
Package: pgffor 2013/12/13 v3.0.0 (rcs-revision 1.25)

(/opt/local/share/texmf/tex/generic/pgf/math/pgfmath.code.tex)
\pgffor@iter=\dimen160
\pgffor@skip=\dimen161
\pgffor@stack=\toks37
\pgffor@toks=\toks38
))
(/opt/local/share/texmf/tex/generic/pgf/frontendlayer/tikz/tikz.code.tex
Package: tikz 2013/12/13 v3.0.0 (rcs-revision 1.142)

(/opt/local/share/texmf/tex/generic/pgf/libraries/pgflibraryplothandlers.code.t
ex
File: pgflibraryplothandlers.code.tex 2013/08/31 v3.0.0 (rcs-revision 1.20)
\pgf@plot@mark@count=\count116
\pgfplotmarksize=\dimen162
)
\tikz@lastx=\dimen163
\tikz@lasty=\dimen164
\tikz@lastxsaved=\dimen165
\tikz@lastysaved=\dimen166
\tikzleveldistance=\dimen167
\tikzsiblingdistance=\dimen168
\tikz@figbox=\box35
\tikz@figbox@bg=\box36
\tikz@tempbox=\box37
\tikz@tempbox@bg=\box38
\tikztreelevel=\count117
\tikznumberofchildren=\count118
\tikznumberofcurrentchild=\count119
\tikz@fig@count=\count120
 (/opt/local/share/texmf/tex/generic/pgf/modules/pgfmodulematrix.code.tex
File: pgfmodulematrix.code.tex 2013/09/17  (rcs-revision 1.8)
\pgfmatrixcurrentrow=\count121
\pgfmatrixcurrentcolumn=\count122
\pgf@matrix@numberofcolumns=\count123
)
\tikz@expandcount=\count124

(/opt/local/share/texmf/tex/generic/pgf/frontendlayer/tikz/libraries/tikzlibrar
ytopaths.code.tex
File: tikzlibrarytopaths.code.tex 2008/06/17 v3.0.0 (rcs-revision 1.2)
)))
(/opt/local/share/texmf-texlive/tex/latex/caption/caption.sty
Package: caption 2013/05/02 v3.3-89 Customizing captions (AR)

(/opt/local/share/texmf-texlive/tex/latex/caption/caption3.sty
Package: caption3 2013/05/02 v1.6-88 caption3 kernel (AR)
Package caption3 Info: TeX engine: e-TeX on input line 57.
\captionmargin=\dimen169
\captionmargin@=\dimen170
\captionwidth=\dimen171
\caption@tempdima=\dimen172
\caption@indent=\dimen173
\caption@parindent=\dimen174
\caption@hangindent=\dimen175
)
\c@ContinuedFloat=\count125
Package caption Info: float package is loaded.
Package caption Info: hyperref package is loaded.
)
(/opt/local/share/texmf-texlive/tex/latex/algorithms/algorithm.sty
Package: algorithm 2009/08/24 v0.1 Document Style `algorithm' - floating enviro
nment
\@float@every@algorithm=\toks39
\c@algorithm=\count126
)
(/opt/local/share/texmf-texlive/tex/latex/algorithmicx/algpseudocode.sty
Package: algpseudocode 

(/opt/local/share/texmf-texlive/tex/latex/algorithmicx/algorithmicx.sty
Package: algorithmicx 2005/04/27 v1.2 Algorithmicx

Document Style algorithmicx 1.2 - a greatly improved `algorithmic' style
\c@ALG@line=\count127
\c@ALG@rem=\count128
\c@ALG@nested=\count129
\ALG@tlm=\skip54
\ALG@thistlm=\skip55
\c@ALG@Lnr=\count130
\c@ALG@blocknr=\count131
\c@ALG@storecount=\count132
\c@ALG@tmpcounter=\count133
\ALG@tmplength=\skip56
)
Document Style - pseudocode environments for use with the `algorithmicx' style
) (/opt/local/share/texmf-texlive/tex/latex/makecell/makecell.sty
Package: makecell 2009/08/03 V0.1e Managing of Tab Column Heads and Cells

(/opt/local/share/texmf-texlive/tex/latex/tools/array.sty
Package: array 2008/09/09 v2.4c Tabular extension package (FMi)
\col@sep=\dimen176
\extrarowheight=\dimen177
\NC@list=\toks40
\extratabsurround=\skip57
\backup@length=\skip58
)
\rotheadsize=\dimen178
\c@nlinenum=\count134
\TeXr@lab=\toks41
)
(/opt/local/share/texmf-texlive/tex/latex/multirow/multirow.sty
\bigstrutjot=\dimen179
)
\c@definition=\count135

(./competing_bandits.aux)
\openout1 = `competing_bandits.aux'.

LaTeX Font Info:    Checking defaults for OML/cmm/m/it on input line 71.
LaTeX Font Info:    ... okay on input line 71.
LaTeX Font Info:    Checking defaults for T1/cmr/m/n on input line 71.
LaTeX Font Info:    ... okay on input line 71.
LaTeX Font Info:    Checking defaults for OT1/cmr/m/n on input line 71.
LaTeX Font Info:    ... okay on input line 71.
LaTeX Font Info:    Checking defaults for OMS/cmsy/m/n on input line 71.
LaTeX Font Info:    ... okay on input line 71.
LaTeX Font Info:    Checking defaults for OMX/cmex/m/n on input line 71.
LaTeX Font Info:    ... okay on input line 71.
LaTeX Font Info:    Checking defaults for U/cmr/m/n on input line 71.
LaTeX Font Info:    ... okay on input line 71.
LaTeX Font Info:    Checking defaults for PD1/pdf/m/n on input line 71.
LaTeX Font Info:    ... okay on input line 71.
\AtBeginShipoutBox=\box39
Package hyperref Info: Link coloring OFF on input line 71.

(/opt/local/share/texmf-texlive/tex/latex/hyperref/nameref.sty
Package: nameref 2012/10/27 v2.43 Cross-referencing by name of section

(/opt/local/share/texmf-texlive/tex/generic/oberdiek/gettitlestring.sty
Package: gettitlestring 2010/12/03 v1.4 Cleanup title references (HO)
)
\c@section@level=\count136
)
LaTeX Info: Redefining \ref on input line 71.
LaTeX Info: Redefining \pageref on input line 71.
LaTeX Info: Redefining \nameref on input line 71.

(./competing_bandits.out) (./competing_bandits.out)
\@outlinefile=\write4
\openout4 = `competing_bandits.out'.

LaTeX Info: Redefining \microtypecontext on input line 71.
Package microtype Info: Generating PDF output.
Package microtype Info: Character protrusion enabled (level 2).
Package microtype Info: Using default protrusion set `alltext'.
Package microtype Info: Automatic font expansion enabled (level 2),
(microtype)             stretch: 20, shrink: 20, step: 1, non-selected.
Package microtype Info: Using default expansion set `basictext'.
Package microtype Info: No adjustment of tracking.
Package microtype Info: No adjustment of interword spacing.
Package microtype Info: No adjustment of character kerning.

(/opt/local/share/texmf-texlive/tex/latex/microtype/mt-cmr.cfg
File: mt-cmr.cfg 2013/05/19 v2.2 microtype config. file: Computer Modern Roman 
(RS)
)
ABD: EveryShipout initializing macros
(/opt/local/share/texmf-texlive/tex/context/base/supp-pdf.mkii
[Loading MPS to PDF converter (version 2006.09.02).]
\scratchcounter=\count137
\scratchdimen=\dimen180
\scratchbox=\box40
\nofMPsegments=\count138
\nofMParguments=\count139
\everyMPshowfont=\toks42
\MPscratchCnt=\count140
\MPscratchDim=\dimen181
\MPnumerator=\count141
\makeMPintoPDFobject=\count142
\everyMPtoPDFconversion=\toks43
) (/opt/local/share/texmf-texlive/tex/latex/oberdiek/epstopdf-base.sty
Package: epstopdf-base 2010/02/09 v2.5 Base part for package epstopdf

(/opt/local/share/texmf-texlive/tex/latex/oberdiek/grfext.sty
Package: grfext 2010/08/19 v1.1 Manage graphics extensions (HO)
)
Package grfext Info: Graphics extension search list:
(grfext)             [.png,.pdf,.jpg,.mps,.jpeg,.jbig2,.jb2,.PNG,.PDF,.JPG,.JPE
G,.JBIG2,.JB2,.eps]
(grfext)             \AppendGraphicsExtensions on input line 452.

(/opt/local/share/texmf-texlive/tex/latex/latexconfig/epstopdf-sys.cfg
File: epstopdf-sys.cfg 2010/07/13 v1.3 Configuration of (r)epstopdf for TeX Liv
e
))
Package caption Info: Begin \AtBeginDocument code.
Package caption Info: End \AtBeginDocument code.
LaTeX Font Info:    Try loading font information for U+msa on input line 74.

(/opt/local/share/texmf-texlive/tex/latex/amsfonts/umsa.fd
File: umsa.fd 2013/01/14 v3.01 AMS symbols A
)
(/opt/local/share/texmf-texlive/tex/latex/microtype/mt-msa.cfg
File: mt-msa.cfg 2006/02/04 v1.1 microtype config. file: AMS symbols (a) (RS)
)
LaTeX Font Info:    Try loading font information for U+msb on input line 74.

(/opt/local/share/texmf-texlive/tex/latex/amsfonts/umsb.fd
File: umsb.fd 2013/01/14 v3.01 AMS symbols B
)
(/opt/local/share/texmf-texlive/tex/latex/microtype/mt-msb.cfg
File: mt-msb.cfg 2005/06/01 v1.0 microtype config. file: AMS symbols (b) (RS)
)
LaTeX Font Info:    Try loading font information for OMS+cmr on input line 74.

(/opt/local/share/texmf-texlive/tex/latex/base/omscmr.fd
File: omscmr.fd 1999/05/25 v2.5h Standard LaTeX font definitions
)
LaTeX Font Info:    Font shape `OMS/cmr/m/n' in size <9> not available
(Font)              Font shape `OMS/cmsy/m/n' tried instead on input line 74.
Package hyperref Info: bookmark level for unknown algorithm defaults to 0 on in
put line 128.

Underfull \hbox (badness 7832) in paragraph at lines 135--136
[] \T1/cmr/bx/n/10 for \T1/cmr/m/n/10 (+20) Each prin-ci-pal al-go-rithm pair
 []

[1{/opt/local/var/db/texmf/fonts/map/pdftex/updmap/pdftex.map}



]
<"figures/heavy_tail_iso_mean".png, id=91, 1035.87pt x 533.995pt>
File: "figures/heavy_tail_iso_mean".png Graphic file (type png)

<use "figures/heavy_tail_iso_mean".png>
Package pdftex.def Info: "figures/heavy_tail_iso_mean".png used on input line 1
56.
(pdftex.def)             Requested size: 207.17032pt x 106.7971pt.

<"figures/nih_iso_mean".png, id=93, 1035.87pt x 533.995pt>
File: "figures/nih_iso_mean".png Graphic file (type png)

<use "figures/nih_iso_mean".png>
Package pdftex.def Info: "figures/nih_iso_mean".png used on input line 157.
(pdftex.def)             Requested size: 207.17032pt x 106.7971pt.

Underfull \hbox (badness 10000) in paragraph at lines 156--159
[][]
 []

<"figures/deg_dg_ht_10_prelim".png, id=94, 1035.87pt x 533.995pt>
File: "figures/deg_dg_ht_10_prelim".png Graphic file (type png)

<use "figures/deg_dg_ht_10_prelim".png>
Package pdftex.def Info: "figures/deg_dg_ht_10_prelim".png used on input line 1
64.
(pdftex.def)             Requested size: 207.17032pt x 106.7971pt.

<"figures/ts_dg_ht_10_prelim".png, id=95, 1035.87pt x 533.995pt>
File: "figures/ts_dg_ht_10_prelim".png Graphic file (type png)

<use "figures/ts_dg_ht_10_prelim".png>
Package pdftex.def Info: "figures/ts_dg_ht_10_prelim".png used on input line 16
5.
(pdftex.def)             Requested size: 207.17032pt x 106.7971pt.

<"figures/deg_dg_nih_10_prelim".png, id=96, 1035.87pt x 533.995pt>
File: "figures/deg_dg_nih_10_prelim".png Graphic file (type png)

<use "figures/deg_dg_nih_10_prelim".png>
Package pdftex.def Info: "figures/deg_dg_nih_10_prelim".png used on input line 
166.
(pdftex.def)             Requested size: 207.17032pt x 106.7971pt.

<"figures/ts_dg_nih_10_prelim".png, id=97, 1035.87pt x 533.995pt>
File: "figures/ts_dg_nih_10_prelim".png Graphic file (type png)

<use "figures/ts_dg_nih_10_prelim".png>
Package pdftex.def Info: "figures/ts_dg_nih_10_prelim".png used on input line 1
67.
(pdftex.def)             Requested size: 207.17032pt x 106.7971pt.

Underfull \hbox (badness 10000) in paragraph at lines 164--168
[][]
 []


Underfull \hbox (badness 10000) in paragraph at lines 164--168
[]
 []


Underfull \hbox (badness 10000) in paragraph at lines 164--168

 []


LaTeX Warning: Reference `prelim_comparison' on page 2 undefined on input line 
172.


Package hyperref Warning: Suppressing empty link on input line 179.

[2 <./figures/heavy_tail_iso_mean.png> <./figures/nih_iso_mean.png>]
Overfull \hbox (10.22888pt too wide) in paragraph at lines 188--198
 [][] 
 []


Overfull \hbox (10.22888pt too wide) in paragraph at lines 204--214
 [][] 
 []

[3 <./figures/deg_dg_ht_10_prelim.png> <./figures/ts_dg_ht_10_prelim.png> <./fi
gures/deg_dg_nih_10_prelim.png> <./figures/ts_dg_nih_10_prelim.png>]

LaTeX Warning: Reference `rel_rep_ht_fine' on page 4 undefined on input line 22
2.


Overfull \vbox (52.41887pt too high) detected at line 238
 []


Overfull \hbox (43.3458pt too wide) in paragraph at lines 236--247
 [][] 
 []

[4]

Package hyperref Warning: Token not allowed in a PDF string (PDFDocEncoding):
(hyperref)                removing `\\' on input line 257.


Overfull \hbox (26.84982pt too wide) in paragraph at lines 265--275
 [][] 
 []


Overfull \hbox (32.59842pt too wide) in paragraph at lines 281--291
 [][] 
 []

[5]

Package hyperref Warning: Suppressing empty link on input line 308.


Package hyperref Warning: Suppressing empty link on input line 308.


Package caption Warning: \label without proper \caption on input line 311.
See the caption package documentation for explanation.


LaTeX Warning: Reference `agent_variances' on page 6 undefined on input line 31
4.

(./competing_bandits.bbl) [6]
Package atveryend Info: Empty hook `BeforeClearDocument' on input line 318.
Package atveryend Info: Empty hook `AfterLastShipout' on input line 318.
 (./competing_bandits.aux)
Package atveryend Info: Executing hook `AtVeryEndDocument' on input line 318.
Package atveryend Info: Executing hook `AtEndAfterFileList' on input line 318.
Package rerunfilecheck Info: File `competing_bandits.out' has not changed.
(rerunfilecheck)             Checksum: 49440A71DCA554330B097301B37BB14D;727.


LaTeX Warning: There were undefined references.

Package atveryend Info: Empty hook `AtVeryVeryEnd' on input line 318.
 ) 
Here is how much of TeX's memory you used:
 19530 strings out of 494167
 355408 string characters out of 6156435
 460043 words of memory out of 5000000
 22314 multiletter control sequences out of 15000+600000
 21771 words of font info for 105 fonts, out of 8000000 for 9000
 470 hyphenation exceptions out of 8191
 55i,16n,54p,1664b,390s stack positions out of 5000i,500n,10000p,200000b,80000s
{/opt/local/share/texmf-texlive/fonts/enc/dvips/cm-super/cm-super-t1.enc}</op
t/local/share/texmf-texlive/fonts/type1/public/amsfonts/cm/cmmi10.pfb></opt/loc
al/share/texmf-texlive/fonts/type1/public/amsfonts/cm/cmmi6.pfb></opt/local/sha
re/texmf-texlive/fonts/type1/public/amsfonts/cm/cmmi9.pfb></opt/local/share/tex
mf-texlive/fonts/type1/public/amsfonts/cm/cmr10.pfb></opt/local/share/texmf-tex
live/fonts/type1/public/amsfonts/cm/cmr6.pfb></opt/local/share/texmf-texlive/fo
nts/type1/public/amsfonts/cm/cmsy10.pfb></opt/local/share/texmf-texlive/fonts/t
ype1/public/amsfonts/cm/cmsy9.pfb></opt/local/share/texmf-texlive/fonts/type1/p
ublic/cm-super/sfbx1000.pfb></opt/local/share/texmf-texlive/fonts/type1/public/
cm-super/sfbx1095.pfb></opt/local/share/texmf-texlive/fonts/type1/public/cm-sup
er/sfbx1200.pfb></opt/local/share/texmf-texlive/fonts/type1/public/cm-super/sfb
x1440.pfb></opt/local/share/texmf-texlive/fonts/type1/public/cm-super/sfrm0600.
pfb></opt/local/share/texmf-texlive/fonts/type1/public/cm-super/sfrm0700.pfb></
opt/local/share/texmf-texlive/fonts/type1/public/cm-super/sfrm0900.pfb></opt/lo
cal/share/texmf-texlive/fonts/type1/public/cm-super/sfrm1000.pfb></opt/local/sh
are/texmf-texlive/fonts/type1/public/cm-super/sfti0600.pfb></opt/local/share/te
xmf-texlive/fonts/type1/public/cm-super/sfti1000.pfb>
Output written on competing_bandits.pdf (6 pages, 599669 bytes).
PDF statistics:
 222 PDF objects out of 1000 (max. 8388607)
 183 compressed objects within 2 object streams
 40 named destinations out of 1000 (max. 500000)
 18571 words of extra memory for PDF output out of 20736 (max. 10000000)

